<?xml version="1.0" encoding="UTF-8"?>
<!-- Generated by org.testng.reporters.JUnitReportReporter -->
<testsuite hostname="rivigo-Latitude-3490" failures="0" tests="1" name="package1.scanLoad" time="4.710" errors="0" timestamp="2022-02-23T18:39:02 IST" skipped="0">
  <testcase classname="package1.scanLoad" name="ScanLoad" time="4.710"/>
  <system-out/>
</testsuite> <!-- package1.scanLoad -->
