<?xml version="1.0" encoding="UTF-8"?>
<!-- Generated by org.testng.reporters.JUnitReportReporter -->
<testsuite hostname="rivigo-Latitude-3490" failures="0" tests="1" name="package1.AccessToken" time="3.112" errors="0" timestamp="2022-03-02T18:43:24 IST" skipped="0">
  <testcase classname="package1.AccessToken" name="getAccessToken" time="3.112"/>
  <system-out/>
</testsuite> <!-- package1.AccessToken -->
