<?xml version="1.0" encoding="UTF-8"?>
<!-- Generated by org.testng.reporters.JUnitReportReporter -->
<testsuite hostname="rivigo-Latitude-3490" failures="0" tests="1" name="package1.geTToAddress" time="2.446" errors="0" timestamp="2022-03-04T14:54:55 IST" skipped="0">
  <testcase classname="package1.geTToAddress" name="gettoAddress" time="2.446"/>
  <system-out/>
</testsuite> <!-- package1.geTToAddress -->
