<?xml version="1.0" encoding="UTF-8"?>
<!-- Generated by org.testng.reporters.JUnitReportReporter -->
<testsuite hostname="rivigo-Latitude-3490" failures="0" tests="1" name="package1.retailCNs" time="12.949" errors="0" timestamp="2022-03-03T11:43:07 IST" skipped="0">
  <testcase classname="package1.retailCNs" name="createRetailCNs" time="12.949"/>
  <system-out/>
</testsuite> <!-- package1.retailCNs -->
