<?xml version="1.0" encoding="UTF-8"?>
<!-- Generated by org.testng.reporters.JUnitReportReporter -->
<testsuite hostname="rivigo-Latitude-3490" failures="0" tests="4" name="package1.CreateCNs" time="31.885" errors="0" timestamp="2022-03-21T14:48:22 IST" skipped="0">
  <testcase classname="package1.CreateCNs" name="getfromAddress" time="4.380"/>
  <system-out/>
  <testcase classname="package1.CreateCNs" name="createCn" time="22.078"/>
  <system-out/>
  <testcase classname="package1.CreateCNs" name="getAccessToken" time="3.494"/>
  <system-out/>
  <testcase classname="package1.CreateCNs" name="gettoAddress" time="1.933"/>
  <system-out/>
</testsuite> <!-- package1.CreateCNs -->
